-------------------------------------------------------------------------------
Test set: TestSuite
-------------------------------------------------------------------------------
Tests run: 4, Failures: 1, Errors: 0, Skipped: 0, Time elapsed: 71 s <<< FAILURE! - in TestSuite
Academy.validateTitle.validatePageTitle  Time elapsed: 4.056 s  <<< FAILURE!
java.lang.AssertionError: expected [FEATURED COURSES1] but found [FEATURED COURSES]
	at Academy.validateTitle.validatePageTitle(validateTitle.java:30)

